<?xml version="1.0" encoding="UTF-8"?>
<!-- Generated by org.testng.reporters.JUnitReportReporter -->
<testsuite hostname="LAPTOP-RRILVGN8" failures="0" tests="5" name="runners.TestRunner" time="207.727" errors="0" timestamp="2026-04-13T11:58:25 IST" skipped="0">
  <testcase classname="runners.TestRunner" name="runScenario" time="12.133"/>
  <testcase classname="runners.TestRunner" name="runScenario" time="19.876"/>
  <testcase classname="runners.TestRunner" name="runScenario" time="21.409"/>
  <testcase classname="runners.TestRunner" name="runScenario" time="76.969"/>
  <testcase classname="runners.TestRunner" name="runScenario" time="77.340"/>
</testsuite> <!-- runners.TestRunner -->
