<?xml version="1.0" encoding="UTF-8"?>
<testng-results ignored="0" total="2" passed="2" failed="0" skipped="0">
  <reporter-output>
  </reporter-output>
  <suite started-at="2026-04-04T16:15:47 IST" name="Amazon Suite" finished-at="2026-04-04T16:16:41 IST" duration-ms="53714">
    <groups>
      <group name="cucumber">
        <method signature="AbstractTestNGCucumberTests.runScenario(io.cucumber.testng.PickleWrapper,io.cucumber.testng.FeatureWrapper)[pri:0, instance:runners.TestRunner@43bc63a3]" name="runScenario" class="io.cucumber.testng.AbstractTestNGCucumberTests"/>
      </group> <!-- cucumber -->
    </groups>
    <test started-at="2026-04-04T16:15:47 IST" name="Cucumber Tests" finished-at="2026-04-04T16:16:41 IST" duration-ms="53714">
      <class name="runners.TestRunner">
        <test-method is-config="true" signature="setUpClass(org.testng.ITestContext)[pri:0, instance:runners.TestRunner@43bc63a3]" started-at="2026-04-04T16:15:47 IST" name="setUpClass" finished-at="2026-04-04T16:15:48 IST" duration-ms="1150" status="PASS">
          <params>
            <param index="0">
              <value>
                <![CDATA[org.testng.TestRunner@db99785]]>
              </value>
            </param>
          </params>
          <reporter-output>
          </reporter-output>
        </test-method> <!-- setUpClass -->
        <test-method signature="runScenario(io.cucumber.testng.PickleWrapper,io.cucumber.testng.FeatureWrapper)[pri:0, instance:runners.TestRunner@43bc63a3]" started-at="2026-04-04T16:15:48 IST" name="runScenario" description="Runs Cucumber Scenarios" data-provider="scenarios" finished-at="2026-04-04T16:16:22 IST" duration-ms="34101" status="PASS">
          <params>
            <param index="0">
              <value>
                <![CDATA["Add product to cart from Toys category"]]>
              </value>
            </param>
            <param index="1">
              <value>
                <![CDATA["Amazon Add to Cart Functionality"]]>
              </value>
            </param>
          </params>
          <reporter-output>
          </reporter-output>
        </test-method> <!-- runScenario -->
        <test-method signature="runScenario(io.cucumber.testng.PickleWrapper,io.cucumber.testng.FeatureWrapper)[pri:0, instance:runners.TestRunner@43bc63a3]" started-at="2026-04-04T16:16:22 IST" name="runScenario" description="Runs Cucumber Scenarios" data-provider="scenarios" finished-at="2026-04-04T16:16:41 IST" duration-ms="18339" status="PASS">
          <params>
            <param index="0">
              <value>
                <![CDATA["Search for iPhone using search bar"]]>
              </value>
            </param>
            <param index="1">
              <value>
                <![CDATA["Amazon Search Functionality"]]>
              </value>
            </param>
          </params>
          <reporter-output>
          </reporter-output>
        </test-method> <!-- runScenario -->
        <test-method is-config="true" signature="tearDownClass()[pri:0, instance:runners.TestRunner@43bc63a3]" started-at="2026-04-04T16:16:41 IST" name="tearDownClass" finished-at="2026-04-04T16:16:41 IST" duration-ms="43" status="PASS">
          <reporter-output>
          </reporter-output>
        </test-method> <!-- tearDownClass -->
      </class> <!-- runners.TestRunner -->
    </test> <!-- Cucumber Tests -->
  </suite> <!-- Amazon Suite -->
</testng-results>
