<?xml version="1.0" encoding="UTF-8"?>
<testsuite xmlns:xsi="http://www.w3.org/2001/XMLSchema-instance" xsi:noNamespaceSchemaLocation="https://maven.apache.org/surefire/maven-surefire-plugin/xsd/surefire-test-report-3.0.xsd" version="3.0" name="TestSuite" time="112.293" tests="5" errors="0" skipped="0" failures="0">
  <properties>
[...]
</properties>
  <testcase name="runScenario[&quot;Add product to cart from Toys category&quot;, &quot;Amazon Add to Cart Functionality&quot;](1)" classname="runners.TestRunner" time="76.979">
    <system-out><![CDATA[
Scenario Outline: Search product using multiple data  # src/test/resources/features/msearch.feature:12

Scenario: Add product to cart from Toys category   # src/test/resources/features/add_to_cart.feature:2
11:56:36 INFO  hooks.Hooks - ========== TEST STARTED: Add product to cart from Toys category ==========
11:56:36 INFO  hooks.Hooks - ========== TEST STARTED: Search product using multiple data ==========
Launching browser: chrome
Launching browser: chrome
11:57:04 INFO  hooks.Hooks - Browser launched and URL opened | Thread: 33
11:57:04 INFO  stepdefinitions.AmazonCartSteps - Amazon homepage opened
  ✔ Given user is on Amazon homepage               # stepdefinitions.AmazonCartSteps.openAmazon()
11:57:04 INFO  stepdefinitions.AmazonCartSteps - Navigating to Toys category
11:57:05 INFO  hooks.Hooks - Browser launched and URL opened | Thread: 34
11:57:05 INFO  stepdefinitions.AmazonSearchSteps - Amazon homepage opened
  ✔ Given user opens Amazon homepage                  # stepdefinitions.AmazonSearchSteps.openAmazon()
11:57:05 INFO  stepdefinitions.AmazonSearchSteps - Entering product: iPhone
  ✔ When user navigates to Toys category from menu # stepdefinitions.AmazonCartSteps.navigateMenu()
11:57:30 INFO  stepdefinitions.AmazonCartSteps - Selecting product
  ✔ And user selects a product from category page  # stepdefinitions.AmazonCartSteps.selectProduct()
11:57:44 INFO  stepdefinitions.AmazonCartSteps - Switching to product tab
11:57:44 INFO  stepdefinitions.AmazonCartSteps - Selected Product: Wembley Hover Football for Kids| Electric Soccer Ball Floating Air| Engaging Indoor Game for Kids | Birthday Gift for Boys| Advanced & Rechargeable Hover Ball Game (Blue)
11:57:44 INFO  stepdefinitions.AmazonCartSteps - Selected Price: 499
  ✔ And user switches to product tab               # stepdefinitions.AmazonCartSteps.switchTab()
  ✔ Then product page should be displayed          # stepdefinitions.AmazonCartSteps.validateProductPage()
  ✔ When user enters "iPhone" in search bar           # stepdefinitions.AmazonSearchSteps.enterSearch(java.lang.String)
11:57:47 INFO  stepdefinitions.AmazonSearchSteps - Clicking first suggestion
  ✔ When user adds product to cart                 # stepdefinitions.AmazonCartSteps.addCart()
  ✔ And user navigates to cart page                # stepdefinitions.AmazonCartSteps.openCart()
11:57:49 INFO  stepdefinitions.AmazonCartSteps - Validating correct product and price
Expected Name: Wembley Hover Football for Kids| Electric Soccer Ball Floating Air| Engaging Indoor Game for Kids | Birthday Gift for Boys| Advanced & Rechargeable Hover Ball Game (Blue)
Actual Name: Wembley Hover Football for Kids| Electric Soccer Ball Floating Air| Engaging Indoor Game for Kids | Birthday Gift for Boys| Advanced & Rechargeable Hover Ball Game (Bl…
Expected Price: 499
Actual Price: 499
Expected (30 chars): wembley hover football for kid
Actual (30 chars): wembley hover football for kid
  ✔ Then product should be added to cart           # stepdefinitions.AmazonCartSteps.validateProductAdded()
11:57:50 INFO  stepdefinitions.AmazonCartSteps - Subtotal:  ₹499.00
  ✔ And subtotal should be displayed               # stepdefinitions.AmazonCartSteps.validateSubtotal()
11:57:50 INFO  stepdefinitions.AmazonCartSteps - Cart count: 1
  ✔ And cart count should be updated               # stepdefinitions.AmazonCartSteps.validateCartCount()
11:57:51 INFO  hooks.Hooks - TEST PASSED: Add product to cart from Toys category
  ✔ And user clicks on first suggestion               # stepdefinitions.AmazonSearchSteps.clickFirstSuggestion()
11:57:51 INFO  stepdefinitions.AmazonSearchSteps - Validating results page
11:57:51 INFO  hooks.Hooks - Browser closed | Thread: 33
11:57:51 INFO  hooks.Hooks - ========== TEST ENDED ==========

  ✔ Then results page should be displayed             # stepdefinitions.AmazonSearchSteps.verifyResultsPage()
11:57:52 INFO  stepdefinitions.AmazonSearchSteps - Validating results for: iPhone
  ✔ And results should be relevant to entered product # stepdefinitions.AmazonSearchSteps.validateResults()
11:57:52 INFO  hooks.Hooks - TEST PASSED: Search product using multiple data
]]></system-out>
    <system-err><![CDATA[SLF4J(W): No SLF4J providers were found.
SLF4J(W): Defaulting to no-operation (NOP) logger implementation
SLF4J(W): See https://www.slf4j.org/codes.html#noProviders for further details.
Apr 13, 2026 11:57:01 AM org.openqa.selenium.devtools.CdpVersionFinder findNearestMatch
WARNING: Unable to find an exact match for CDP version 146, returning the closest version; found: 145; Please update to a Selenium version that supports CDP version 146
Apr 13, 2026 11:57:01 AM org.openqa.selenium.devtools.CdpVersionFinder findNearestMatch
WARNING: Unable to find an exact match for CDP version 146, returning the closest version; found: 145; Please update to a Selenium version that supports CDP version 146
]]></system-err>
  </testcase>
  <testcase name="runScenario[&quot;Search product using multiple data&quot;, &quot;Amazon Search Functionality&quot;](2)" classname="runners.TestRunner" time="0.354">
    <system-out><![CDATA[
Scenario Outline: Search product using multiple data  # src/test/resources/features/msearch.feature:13
11:57:52 INFO  hooks.Hooks - ========== TEST STARTED: Search product using multiple data ==========
Launching browser: chrome
11:57:53 INFO  hooks.Hooks - Browser closed | Thread: 34
11:57:53 INFO  hooks.Hooks - ========== TEST ENDED ==========

]]></system-out>
  </testcase>
  <testcase name="runScenario[&quot;Search product using multiple data&quot;, &quot;Amazon Search Functionality&quot;](3)" classname="runners.TestRunner" time="19.876">
    <system-out><![CDATA[
Scenario Outline: Search product using multiple data  # src/test/resources/features/msearch.feature:14
11:57:53 INFO  hooks.Hooks - ========== TEST STARTED: Search product using multiple data ==========
Launching browser: chrome
11:57:56 INFO  hooks.Hooks - Browser launched and URL opened | Thread: 34
11:57:56 INFO  stepdefinitions.AmazonSearchSteps - Amazon homepage opened
  ✔ Given user opens Amazon homepage                  # stepdefinitions.AmazonSearchSteps.openAmazon()
11:57:56 INFO  stepdefinitions.AmazonSearchSteps - Entering product: Laptop
11:57:59 INFO  hooks.Hooks - Browser launched and URL opened | Thread: 33
11:57:59 INFO  stepdefinitions.AmazonSearchSteps - Amazon homepage opened
  ✔ Given user opens Amazon homepage                  # stepdefinitions.AmazonSearchSteps.openAmazon()
11:57:59 INFO  stepdefinitions.AmazonSearchSteps - Entering product: Samsung
  ✔ When user enters "Laptop" in search bar           # stepdefinitions.AmazonSearchSteps.enterSearch(java.lang.String)
11:58:05 INFO  stepdefinitions.AmazonSearchSteps - Clicking first suggestion
  ✔ When user enters "Samsung" in search bar          # stepdefinitions.AmazonSearchSteps.enterSearch(java.lang.String)
11:58:06 INFO  stepdefinitions.AmazonSearchSteps - Clicking first suggestion
  ✔ And user clicks on first suggestion               # stepdefinitions.AmazonSearchSteps.clickFirstSuggestion()
11:58:11 INFO  stepdefinitions.AmazonSearchSteps - Validating results page
  ✔ Then results page should be displayed             # stepdefinitions.AmazonSearchSteps.verifyResultsPage()
11:58:11 INFO  stepdefinitions.AmazonSearchSteps - Validating results for: Laptop
  ✔ And results should be relevant to entered product # stepdefinitions.AmazonSearchSteps.validateResults()
11:58:12 INFO  hooks.Hooks - TEST PASSED: Search product using multiple data
11:58:12 INFO  hooks.Hooks - Browser closed | Thread: 34
11:58:12 INFO  hooks.Hooks - ========== TEST ENDED ==========

  ✔ And user clicks on first suggestion               # stepdefinitions.AmazonSearchSteps.clickFirstSuggestion()
11:58:12 INFO  stepdefinitions.AmazonSearchSteps - Validating results page
]]></system-out>
    <system-err><![CDATA[Apr 13, 2026 11:57:56 AM org.openqa.selenium.devtools.CdpVersionFinder findNearestMatch
WARNING: Unable to find an exact match for CDP version 146, returning the closest version; found: 145; Please update to a Selenium version that supports CDP version 146
Apr 13, 2026 11:57:56 AM org.openqa.selenium.devtools.CdpVersionFinder findNearestMatch
WARNING: Unable to find an exact match for CDP version 146, returning the closest version; found: 145; Please update to a Selenium version that supports CDP version 146
]]></system-err>
  </testcase>
  <testcase name="runScenario[&quot;Search product using multiple data&quot;, &quot;Amazon Search Functionality&quot;](4)" classname="runners.TestRunner" time="1.168">
    <system-out><![CDATA[
Scenario: Search product using JSON data              # src/test/resources/features/search.feature:3
11:58:13 INFO  hooks.Hooks - ========== TEST STARTED: Search product using JSON data ==========
Launching browser: chrome
  ✔ Then results page should be displayed             # stepdefinitions.AmazonSearchSteps.verifyResultsPage()
11:58:13 INFO  stepdefinitions.AmazonSearchSteps - Validating results for: Samsung
  ✔ And results should be relevant to entered product # stepdefinitions.AmazonSearchSteps.validateResults()
11:58:13 INFO  hooks.Hooks - TEST PASSED: Search product using multiple data
11:58:14 INFO  hooks.Hooks - Browser closed | Thread: 33
11:58:14 INFO  hooks.Hooks - ========== TEST ENDED ==========

]]></system-out>
  </testcase>
  <testcase name="runScenario[&quot;Search product using JSON data&quot;, &quot;Amazon Search Functionality&quot;](5)" classname="runners.TestRunner" time="12.134">
    <system-out><![CDATA[11:58:16 INFO  hooks.Hooks - Browser launched and URL opened | Thread: 34
11:58:16 INFO  stepdefinitions.AmazonSearchSteps - Amazon homepage opened
  ✔ Given user opens Amazon homepage                  # stepdefinitions.AmazonSearchSteps.openAmazon()
11:58:17 INFO  stepdefinitions.AmazonSearchSteps - Entering product: iPhone
  ✔ When user enters product from json                # stepdefinitions.AmazonSearchSteps.enterSearch()
11:58:20 INFO  stepdefinitions.AmazonSearchSteps - Clicking first suggestion
  ✔ And user clicks on first suggestion               # stepdefinitions.AmazonSearchSteps.clickFirstSuggestion()
11:58:24 INFO  stepdefinitions.AmazonSearchSteps - Validating results page
  ✔ Then results page should be displayed             # stepdefinitions.AmazonSearchSteps.verifyResultsPage()
11:58:24 INFO  stepdefinitions.AmazonSearchSteps - Validating results for: iPhone
  ✔ And results should be relevant to entered product # stepdefinitions.AmazonSearchSteps.validateResults()
11:58:24 INFO  hooks.Hooks - TEST PASSED: Search product using JSON data
11:58:25 INFO  hooks.Hooks - Browser closed | Thread: 34
11:58:25 INFO  hooks.Hooks - ========== TEST ENDED ==========

]]></system-out>
    <system-err><![CDATA[Apr 13, 2026 11:58:15 AM org.openqa.selenium.devtools.CdpVersionFinder findNearestMatch
WARNING: Unable to find an exact match for CDP version 146, returning the closest version; found: 145; Please update to a Selenium version that supports CDP version 146
]]></system-err>
  </testcase>
</testsuite>