<?xml version="1.0" encoding="UTF-8"?>
<testng-results ignored="0" total="5" passed="5" failed="0" skipped="0">
  <reporter-output>
  </reporter-output>
  <suite started-at="2026-04-13T11:56:34 IST" name="Amazon Suite" finished-at="2026-04-13T11:58:25 IST" duration-ms="110373">
    <groups>
      <group name="cucumber">
        <method signature="AbstractTestNGCucumberTests.runScenario(io.cucumber.testng.PickleWrapper,io.cucumber.testng.FeatureWrapper)[pri:0, instance:runners.TestRunner@43bc63a3]" name="runScenario" class="io.cucumber.testng.AbstractTestNGCucumberTests"/>
      </group> <!-- cucumber -->
    </groups>
    <test started-at="2026-04-13T11:56:34 IST" name="Cucumber Tests" finished-at="2026-04-13T11:58:25 IST" duration-ms="110373">
      <class name="runners.TestRunner">
        <test-method is-config="true" signature="setUpClass(org.testng.ITestContext)[pri:0, instance:runners.TestRunner@43bc63a3]" started-at="2026-04-13T11:56:35 IST" name="setUpClass" finished-at="2026-04-13T11:56:35 IST" duration-ms="770" status="PASS">
          <params>
            <param index="0">
              <value>
                <![CDATA[org.testng.TestRunner@1649b0e6]]>
              </value>
            </param>
          </params>
          <reporter-output>
          </reporter-output>
        </test-method> <!-- setUpClass -->
        <test-method signature="runScenario(io.cucumber.testng.PickleWrapper,io.cucumber.testng.FeatureWrapper)[pri:0, instance:runners.TestRunner@43bc63a3]" started-at="2026-04-13T11:56:35 IST" name="runScenario" description="Runs Cucumber Scenarios" data-provider="scenarios" finished-at="2026-04-13T11:57:52 IST" duration-ms="76969" status="PASS">
          <params>
            <param index="0">
              <value>
                <![CDATA["Add product to cart from Toys category"]]>
              </value>
            </param>
            <param index="1">
              <value>
                <![CDATA["Amazon Add to Cart Functionality"]]>
              </value>
            </param>
          </params>
          <reporter-output>
          </reporter-output>
        </test-method> <!-- runScenario -->
        <test-method signature="runScenario(io.cucumber.testng.PickleWrapper,io.cucumber.testng.FeatureWrapper)[pri:0, instance:runners.TestRunner@43bc63a3]" started-at="2026-04-13T11:56:35 IST" name="runScenario" description="Runs Cucumber Scenarios" data-provider="scenarios" finished-at="2026-04-13T11:57:53 IST" duration-ms="77340" status="PASS">
          <params>
            <param index="0">
              <value>
                <![CDATA["Search product using multiple data"]]>
              </value>
            </param>
            <param index="1">
              <value>
                <![CDATA["Amazon Search Functionality"]]>
              </value>
            </param>
          </params>
          <reporter-output>
          </reporter-output>
        </test-method> <!-- runScenario -->
        <test-method signature="runScenario(io.cucumber.testng.PickleWrapper,io.cucumber.testng.FeatureWrapper)[pri:0, instance:runners.TestRunner@43bc63a3]" started-at="2026-04-13T11:57:52 IST" name="runScenario" description="Runs Cucumber Scenarios" data-provider="scenarios" finished-at="2026-04-13T11:58:14 IST" duration-ms="21409" status="PASS">
          <params>
            <param index="0">
              <value>
                <![CDATA["Search product using multiple data"]]>
              </value>
            </param>
            <param index="1">
              <value>
                <![CDATA["Amazon Search Functionality"]]>
              </value>
            </param>
          </params>
          <reporter-output>
          </reporter-output>
        </test-method> <!-- runScenario -->
        <test-method signature="runScenario(io.cucumber.testng.PickleWrapper,io.cucumber.testng.FeatureWrapper)[pri:0, instance:runners.TestRunner@43bc63a3]" started-at="2026-04-13T11:57:53 IST" name="runScenario" description="Runs Cucumber Scenarios" data-provider="scenarios" finished-at="2026-04-13T11:58:13 IST" duration-ms="19876" status="PASS">
          <params>
            <param index="0">
              <value>
                <![CDATA["Search product using multiple data"]]>
              </value>
            </param>
            <param index="1">
              <value>
                <![CDATA["Amazon Search Functionality"]]>
              </value>
            </param>
          </params>
          <reporter-output>
          </reporter-output>
        </test-method> <!-- runScenario -->
        <test-method signature="runScenario(io.cucumber.testng.PickleWrapper,io.cucumber.testng.FeatureWrapper)[pri:0, instance:runners.TestRunner@43bc63a3]" started-at="2026-04-13T11:58:13 IST" name="runScenario" description="Runs Cucumber Scenarios" data-provider="scenarios" finished-at="2026-04-13T11:58:25 IST" duration-ms="12133" status="PASS">
          <params>
            <param index="0">
              <value>
                <![CDATA["Search product using JSON data"]]>
              </value>
            </param>
            <param index="1">
              <value>
                <![CDATA["Amazon Search Functionality"]]>
              </value>
            </param>
          </params>
          <reporter-output>
          </reporter-output>
        </test-method> <!-- runScenario -->
        <test-method is-config="true" signature="tearDownClass()[pri:0, instance:runners.TestRunner@43bc63a3]" started-at="2026-04-13T11:58:25 IST" name="tearDownClass" finished-at="2026-04-13T11:58:25 IST" duration-ms="124" status="PASS">
          <reporter-output>
          </reporter-output>
        </test-method> <!-- tearDownClass -->
      </class> <!-- runners.TestRunner -->
    </test> <!-- Cucumber Tests -->
  </suite> <!-- Amazon Suite -->
</testng-results>
