<?xml version="1.0" encoding="UTF-8"?>
<!-- Generated by org.testng.reporters.JUnitXMLReporter -->
<testsuite ignored="0" hostname="LAPTOP-RRILVGN8" failures="0" tests="2" name="Cucumber Tests" time="53.714" errors="0" timestamp="2026-04-04T16:16:41 IST">
  <testcase classname="io.cucumber.testng.AbstractTestNGCucumberTests" name="runScenario" time="34.101"/>
  <testcase classname="io.cucumber.testng.AbstractTestNGCucumberTests" name="runScenario" time="18.339"/>
</testsuite> <!-- Cucumber Tests -->
